<?xml version="1.0" encoding="UTF-8"?>
<!-- Generated by org.testng.reporters.JUnitReportReporter -->
<testsuite hostname="DESKTOP-KLMO8CO" failures="0" tests="1" name="AbdulTestProject.TestProject1.AppTest" time="0.005" errors="0" timestamp="2024-07-03T19:00:52 IST" skipped="0">
  <testcase classname="AbdulTestProject.TestProject1.AppTest" name="shouldAnswerWithTrue" time="0.005"/>
</testsuite> <!-- AbdulTestProject.TestProject1.AppTest -->
